 Image aegisaiworkbech-ai-inference Building 
#1 [internal] load local bake definitions
#1 reading from stdin 633B 0.0s done
#1 DONE 0.0s

#2 [internal] load build definition from Dockerfile
#2 transferring dockerfile: 1.34kB 0.0s done
#2 DONE 0.0s

#3 [internal] load metadata for docker.io/library/python:3.11-slim
#3 ERROR: failed commit on ref "unknown-sha256:abb8a19f7dd5f7d22fb8b95ac4e7d0e59d0800ea073d2b429682d4599a5d5cb5": commit failed: "unknown-sha256:abb8a19f7dd5f7d22fb8b95ac4e7d0e59d0800ea073d2b429682d4599a5d5cb5" failed size validation: 1381 != 1207: failed precondition
------
 > [internal] load metadata for docker.io/library/python:3.11-slim:
------
Dockerfile:2

--------------------

   1 |     # 基础镜像

   2 | >>> FROM python:3.11-slim

   3 |     

   4 |     # 配置国内源（全局生效）

--------------------

failed to solve: python:3.11-slim: failed to resolve source metadata for docker.io/library/python:3.11-slim: failed commit on ref "unknown-sha256:abb8a19f7dd5f7d22fb8b95ac4e7d0e59d0800ea073d2b429682d4599a5d5cb5": commit failed: "unknown-sha256:abb8a19f7dd5f7d22fb8b95ac4e7d0e59d0800ea073d2b429682d4599a5d5cb5" failed size validation: 1381 != 1207: failed precondition



View build details: docker-desktop://dashboard/build/default/default/uv7kyqyimd6tae17yo6k2hnl4

