 Image aegisaiworkbech-ai-inference Building 
 Image aegisaiworkbech-aegisai-frontend Building 
 Image aegisaiworkbech-aegisai-mysql-bootstrap:latest Building 
 Image aegisaiworkbech-aegisai-backend Building 
#1 [internal] load local bake definitions
#1 reading from stdin 2.22kB 0.1s done
#1 DONE 0.1s

#2 [aegisai-mysql-bootstrap internal] load build definition from Dockerfile
#2 transferring dockerfile: 449B 0.0s done
#2 DONE 0.0s

#3 [aegisai-backend internal] load build definition from Dockerfile
#3 transferring dockerfile: 510B 0.0s done
#3 DONE 0.0s

#4 [ai-inference internal] load build definition from Dockerfile
#4 transferring dockerfile: 1.34kB 0.0s done
#4 DONE 0.0s

#5 [aegisai-frontend internal] load build definition from Dockerfile.frontend
#5 transferring dockerfile: 792B 0.0s done
#5 DONE 0.1s

#6 [aegisai-frontend internal] load metadata for hub.rat.dev/library/node:18-alpine
#6 ...

#7 [aegisai-mysql-bootstrap internal] load metadata for docker.io/library/mysql:8.0
#7 DONE 0.4s

#8 [aegisai-mysql-bootstrap internal] load .dockerignore
#8 transferring context: 2B done
#8 DONE 0.0s

#9 [aegisai-mysql-bootstrap 1/6] FROM docker.io/library/mysql:8.0@sha256:0f34c70018dcbde655ba3eaba3d33c02198d392b9364974462eee13a903af385
#9 resolve docker.io/library/mysql:8.0@sha256:0f34c70018dcbde655ba3eaba3d33c02198d392b9364974462eee13a903af385 0.0s done
#9 DONE 0.0s

#10 [aegisai-mysql-bootstrap internal] load build context
#10 transferring context: 117B done
#10 DONE 0.0s

#11 [aegisai-mysql-bootstrap 5/6] COPY 002-baseline-init.sql /bootstrap/002-baseline-init.sql
#11 CACHED

#12 [aegisai-mysql-bootstrap 4/6] COPY 001-latest-compat.sql /bootstrap/001-latest-compat.sql
#12 CACHED

#13 [aegisai-mysql-bootstrap 2/6] WORKDIR /bootstrap
#13 CACHED

#14 [aegisai-mysql-bootstrap 3/6] COPY bootstrap.sh /bootstrap/bootstrap.sh
#14 CACHED

#15 [aegisai-mysql-bootstrap 6/6] RUN sed -i 's/\r$//' /bootstrap/bootstrap.sh /bootstrap/001-latest-compat.sql /bootstrap/002-baseline-init.sql  && chmod +x /bootstrap/bootstrap.sh
#15 CACHED

#16 [aegisai-backend internal] load metadata for docker.io/library/maven:3.9-eclipse-temurin-17
#16 DONE 0.6s

#6 [aegisai-frontend internal] load metadata for hub.rat.dev/library/node:18-alpine
#6 DONE 0.6s

#17 [aegisai-frontend internal] load .dockerignore
#17 transferring context: 126B done
#17 DONE 0.0s

#18 [aegisai-frontend internal] load metadata for hub.rat.dev/library/nginx:alpine
#18 DONE 0.6s

#19 [aegisai-backend internal] load build context
#19 DONE 0.0s

#20 [aegisai-backend 1/4] FROM docker.io/library/maven:3.9-eclipse-temurin-17@sha256:fc04f7fb984a1c437458a355b8de297bc147ad0b33a0b8e3cd39286090fe1a03
#20 resolve docker.io/library/maven:3.9-eclipse-temurin-17@sha256:fc04f7fb984a1c437458a355b8de297bc147ad0b33a0b8e3cd39286090fe1a03
#20 resolve docker.io/library/maven:3.9-eclipse-temurin-17@sha256:fc04f7fb984a1c437458a355b8de297bc147ad0b33a0b8e3cd39286090fe1a03 0.1s done
#20 DONE 0.1s

#21 [aegisai-frontend stage-1 1/3] FROM hub.rat.dev/library/nginx:alpine@sha256:e7257f1ef28ba17cf7c248cb8ccf6f0c6e0228ab9c315c152f9c203cd34cf6d1
#21 resolve hub.rat.dev/library/nginx:alpine@sha256:e7257f1ef28ba17cf7c248cb8ccf6f0c6e0228ab9c315c152f9c203cd34cf6d1 0.1s done
#21 DONE 0.1s

#22 [aegisai-frontend builder 1/9] FROM hub.rat.dev/library/node:18-alpine@sha256:8d6421d663b4c28fd3ebc498332f249011d118945588d0a35cb9bc4b8ca09d9e
#22 resolve hub.rat.dev/library/node:18-alpine@sha256:8d6421d663b4c28fd3ebc498332f249011d118945588d0a35cb9bc4b8ca09d9e 0.1s done
#22 DONE 0.1s

#19 [aegisai-backend internal] load build context
#19 ...

#23 [aegisai-mysql-bootstrap] exporting to image
#23 exporting layers 0.0s done
#23 exporting manifest sha256:f27e22ccba3b42bddc0f628dc4898a64bb30ebbea2b7c0913e547670e2cd71e1 done
#23 exporting config sha256:4cca426ee7e9996a4d9f41a011c3e434db78608f5561bffd8ea0807aaafcb324 done
#23 exporting attestation manifest sha256:01e965afecc0bd2350156307a0e2c7ca2009e21d4e85beb431560d0891b63819 0.1s done
#23 exporting manifest list sha256:28baf059f5f3770626c7773c2e0890e319953a95979f9839be08c43a6ce35326 0.0s done
#23 naming to docker.io/library/aegisaiworkbech-aegisai-mysql-bootstrap:latest done
#23 unpacking to docker.io/library/aegisaiworkbech-aegisai-mysql-bootstrap:latest 0.1s done
#23 DONE 0.3s

#19 [aegisai-backend internal] load build context
#19 transferring context: 1.79MB 0.5s done
#19 DONE 0.5s

#24 [aegisai-frontend internal] load build context
#24 transferring context: 1.23MB 0.5s done
#24 DONE 0.5s

#25 [aegisai-frontend builder 7/9] COPY vite.config.js .
#25 CACHED

#26 [aegisai-frontend builder 9/9] RUN npm run build
#26 CACHED

#27 [aegisai-frontend stage-1 2/3] COPY --from=builder /app/dist /usr/share/nginx/html
#27 CACHED

#28 [aegisai-frontend builder 3/9] COPY package*.json ./
#28 CACHED

#29 [aegisai-frontend builder 4/9] RUN npm install --legacy-peer-deps
#29 CACHED

#30 [aegisai-frontend builder 5/9] COPY src ./src
#30 CACHED

#31 [aegisai-frontend builder 6/9] COPY index.html .
#31 CACHED

#32 [aegisai-frontend builder 8/9] COPY public ./public
#32 CACHED

#33 [aegisai-frontend builder 2/9] WORKDIR /app
#33 CACHED

#34 [aegisai-frontend stage-1 3/3] COPY docker/nginx/default.conf /etc/nginx/conf.d/default.conf
#34 CACHED

#35 [aegisai-frontend] exporting to image
#35 ...

#36 [aegisai-backend 2/4] WORKDIR /app
#36 CACHED

#37 [aegisai-backend 3/4] COPY backend ./backend
#37 CACHED

#38 [aegisai-backend 4/4] RUN mvn -f backend/pom.xml clean package -DskipTests     -Dmaven.wagon.http.ssl.insecure=true     -Dmaven.wagon.http.ssl.allowall=true     -Dmaven.resolver.transport=wagon
#38 CACHED

#35 [aegisai-frontend] exporting to image
#35 exporting layers done
#35 exporting manifest sha256:f97f9694eb2d5ab5b5daa80079b1cabc2a6e97fac204a232b37f1209ba953691 done
#35 exporting config sha256:e20fcfc4adb7c7e66c88cd6f8c8153b22d1ccdf994c6898b0599ce4e11f3190a done
#35 exporting attestation manifest sha256:83c7e8639fe43c8d18c673b68b0f93c882dae34144cc0d3e7f052e4b288942b4 0.1s done
#35 exporting manifest list sha256:87ce212f21116abcfe050aab127ee43b9bb5bc223e7d14ddad489c7477d10a6f
#35 exporting manifest list sha256:87ce212f21116abcfe050aab127ee43b9bb5bc223e7d14ddad489c7477d10a6f 0.0s done
#35 naming to docker.io/library/aegisaiworkbech-aegisai-frontend:latest 0.0s done
#35 unpacking to docker.io/library/aegisaiworkbech-aegisai-frontend:latest 0.0s done
#35 DONE 0.2s

#39 [aegisai-backend] exporting to image
#39 exporting layers done
#39 exporting manifest sha256:a0b6952f6004430f74db92007887c489f2caae3a2a25843bdacedc225303d716 0.0s done
#39 exporting config sha256:6ff678e6ba104b39bb110905b7e5ec6ccadda4477100437c8b1107703afac218 done
#39 exporting attestation manifest sha256:6308516f46eae789e7098384706890825583638160e5986fc34c19f67857d5b2 0.1s done
#39 exporting manifest list sha256:cc6982c7645df64a7dfdc6a325da85b6a36fe0750ffde9e53b09c674794e57f6 0.0s done
#39 naming to docker.io/library/aegisaiworkbech-aegisai-backend:latest done
#39 unpacking to docker.io/library/aegisaiworkbech-aegisai-backend:latest 0.0s done
#39 DONE 0.2s

#40 [aegisai-mysql-bootstrap] resolving provenance for metadata file
#40 DONE 0.0s

#41 [aegisai-backend] resolving provenance for metadata file
#41 DONE 0.1s

#42 [aegisai-frontend] resolving provenance for metadata file
#42 DONE 0.0s

#43 [ai-inference internal] load metadata for docker.io/library/python:3.11-slim
#43 ERROR: failed commit on ref "unknown-sha256:716bb1484a8c69c4d27954fc88932db31573e5507e1ed46e5e3ace1356b7b63a": commit failed: "unknown-sha256:716bb1484a8c69c4d27954fc88932db31573e5507e1ed46e5e3ace1356b7b63a" failed size validation: 1381 != 1207: failed precondition
------
 > [ai-inference internal] load metadata for docker.io/library/python:3.11-slim:
------
Dockerfile:2

--------------------

   1 |     # 基础镜像

   2 | >>> FROM python:3.11-slim

   3 |     

   4 |     # 配置国内源（全局生效）

--------------------

target ai-inference: failed to solve: python:3.11-slim: failed to resolve source metadata for docker.io/library/python:3.11-slim: failed commit on ref "unknown-sha256:716bb1484a8c69c4d27954fc88932db31573e5507e1ed46e5e3ace1356b7b63a": commit failed: "unknown-sha256:716bb1484a8c69c4d27954fc88932db31573e5507e1ed46e5e3ace1356b7b63a" failed size validation: 1381 != 1207: failed precondition



View build details: docker-desktop://dashboard/build/default/default/z8soxjpt21rgi5pibg1kr1g4a

